<?xml version="1.0" encoding="UTF-8"?>
<testng-results ignored="0" total="1" passed="1" failed="0" skipped="0">
  <reporter-output>
    <line>
      <![CDATA[7b02d060d756f5d94614b36ebdeff994fd0a2947]]>
    </line>
  </reporter-output>
  <suite started-at="2022-07-11T08:14:32Z" name="Default suite" finished-at="2022-07-11T08:14:37Z" duration-ms="4731">
    <groups>
    </groups>
    <test started-at="2022-07-11T08:14:32Z" name="Default test" finished-at="2022-07-11T08:14:37Z" duration-ms="4731">
      <class name="Authentications.Oauth2Test">
        <test-method signature="oauth2test()[pri:0, instance:Authentications.Oauth2Test@6853425f]" started-at="2022-07-11T08:14:32Z" name="oauth2test" finished-at="2022-07-11T08:14:37Z" duration-ms="4700" status="PASS">
          <reporter-output>
            <line>
              <![CDATA[7b02d060d756f5d94614b36ebdeff994fd0a2947]]>
            </line>
          </reporter-output>
        </test-method> <!-- oauth2test -->
      </class> <!-- Authentications.Oauth2Test -->
    </test> <!-- Default test -->
  </suite> <!-- Default suite -->
</testng-results>
